000 (265068.000.000) 2025-04-17 14:08:03 Job submitted from host: <128.104.100.148:9618?addrs=128.104.100.148-9618+[2607-f388-107c-501-216-3eff-feb2-bc11]-9618&alias=learn.chtc.wisc.edu&noUDP&sock=schedd_1351356_64bc>
...
040 (265068.000.000) 2025-04-17 14:11:09 Started transferring input files
	Transferring to host: <128.105.69.155:9618?addrs=128.105.69.155-9618+[2607-f388-2200-100-1270-fdff-fe56-476c]-9618&alias=e4088.chtc.wisc.edu&noUDP&sock=slot1_90_3932321_a0fc_3058>
...
040 (265068.000.000) 2025-04-17 14:14:42 Finished transferring input files
...
001 (265068.000.000) 2025-04-17 14:14:44 Job executing on host: <128.105.69.155:9618?addrs=128.105.69.155-9618+[2607-f388-2200-100-1270-fdff-fe56-476c]-9618&alias=e4088.chtc.wisc.edu&noUDP&sock=startd_20425_6dfa>
	SlotName: slot1_90@e4088.chtc.wisc.edu
	CondorScratchDir = "/var/lib/condor/execute/slot1/dir_1563315"
	Cpus = 1
	Disk = 154753
	GPUs = 0
	IoHeavy = 0
	Memory = 1024
...
006 (265068.000.000) 2025-04-17 14:14:53 Image size of job updated: 70464
	69  -  MemoryUsage of job (MB)
	70464  -  ResidentSetSize of job (KB)
...
006 (265068.000.000) 2025-04-17 14:14:55 Image size of job updated: 129904
	69  -  MemoryUsage of job (MB)
	70464  -  ResidentSetSize of job (KB)
...
040 (265068.000.000) 2025-04-17 14:14:56 Started transferring output files
...
040 (265068.000.000) 2025-04-17 14:14:56 Finished transferring output files
...
005 (265068.000.000) 2025-04-17 14:14:58 Job terminated.
	(1) Normal termination (return value 0)
		Usr 0 00:00:06, Sys 0 00:00:04  -  Run Remote Usage
		Usr 0 00:00:00, Sys 0 00:00:00  -  Run Local Usage
		Usr 0 00:00:06, Sys 0 00:00:04  -  Total Remote Usage
		Usr 0 00:00:00, Sys 0 00:00:00  -  Total Local Usage
	181  -  Run Bytes Sent By Job
	123840200  -  Run Bytes Received By Job
	181  -  Total Bytes Sent By Job
	123840200  -  Total Bytes Received By Job
	Partitionable Resources :      Usage  Request Allocated 
	   Cpus                 :       0.01        1         1 
	   Disk (KB)            : 1127715      153600    154753 
	   GPUs                 :                             0 
	   IoHeavy              :                             0 
	   Memory (MB)          :      69        1024      1024 
	   TimeExecute (s)      :      12                       
	   TimeSlotBusy (s)     :     253                       

	Job terminated of its own accord at 2025-04-17T19:14:55Z with exit-code 0.
...
000 (265080.000.000) 2025-04-17 14:31:17 Job submitted from host: <128.104.100.148:9618?addrs=128.104.100.148-9618+[2607-f388-107c-501-216-3eff-feb2-bc11]-9618&alias=learn.chtc.wisc.edu&noUDP&sock=schedd_1351356_64bc>
...
040 (265080.000.000) 2025-04-17 14:36:19 Started transferring input files
	Transferring to host: <128.105.69.159:9618?addrs=128.105.69.159-9618+[2607-f388-2200-100-1270-fdff-fe56-c33c]-9618&alias=e4092.chtc.wisc.edu&noUDP&sock=slot1_39_168525_db9e_2458>
...
040 (265080.000.000) 2025-04-17 14:40:54 Finished transferring input files
...
001 (265080.000.000) 2025-04-17 14:40:55 Job executing on host: <128.105.69.159:9618?addrs=128.105.69.159-9618+[2607-f388-2200-100-1270-fdff-fe56-c33c]-9618&alias=e4092.chtc.wisc.edu&noUDP&sock=startd_16551_3015>
	SlotName: slot1_39@e4092.chtc.wisc.edu
	CondorScratchDir = "/var/lib/condor/execute/slot1/dir_2547704"
	Cpus = 1
	Disk = 1332353
	GPUs = 0
	Memory = 1408
...
006 (265080.000.000) 2025-04-17 14:41:05 Image size of job updated: 23644
	24  -  MemoryUsage of job (MB)
	23644  -  ResidentSetSize of job (KB)
...
006 (265080.000.000) 2025-04-17 14:46:06 Image size of job updated: 135192
	131  -  MemoryUsage of job (MB)
	133764  -  ResidentSetSize of job (KB)
...
006 (265080.000.000) 2025-04-17 14:51:06 Image size of job updated: 135192
	131  -  MemoryUsage of job (MB)
	133912  -  ResidentSetSize of job (KB)
...
040 (265080.000.000) 2025-04-17 14:53:36 Started transferring output files
...
040 (265080.000.000) 2025-04-17 14:53:36 Finished transferring output files
...
005 (265080.000.000) 2025-04-17 14:53:36 Job terminated.
	(1) Normal termination (return value 0)
		Usr 0 00:12:16, Sys 0 00:00:07  -  Run Remote Usage
		Usr 0 00:00:00, Sys 0 00:00:00  -  Run Local Usage
		Usr 0 00:12:16, Sys 0 00:00:07  -  Total Remote Usage
		Usr 0 00:00:00, Sys 0 00:00:00  -  Total Local Usage
	50589  -  Run Bytes Sent By Job
	123840104  -  Run Bytes Received By Job
	50589  -  Total Bytes Sent By Job
	123840104  -  Total Bytes Received By Job
	Partitionable Resources :      Usage  Request Allocated 
	   Cpus                 :       0.99        1         1 
	   Disk (KB)            : 1127763     1331200   1332353 
	   GPUs                 :                             0 
	   Memory (MB)          :     131        1300      1408 
	   TimeExecute (s)      :     761                       
	   TimeSlotBusy (s)     :    1038                       

	Job terminated of its own accord at 2025-04-17T19:53:36Z with exit-code 0.
...
